[2023-07-14 19:10:07,320] 30 root - INFO - Data Ingestion has been started..
[2023-07-14 19:10:07,386] 36 root - INFO - Data has been read..
[2023-07-14 19:10:07,408] 42 root - INFO - Train_Test_Split.
[2023-07-14 19:10:07,453] 51 root - INFO - Ingestion of Data has been completed.
[2023-07-14 19:10:07,477] 60 root - INFO - reading train and test data is completed..
[2023-07-14 19:10:07,500] 61 root - INFO - Train DataFrame Head: 
    age     sex   bmi  children smoker     region  expenses
0   24    male  23.7         0     no  northwest   2352.97
1   28  female  26.5         2     no  southeast   4340.44
2   51    male  39.7         1     no  southwest   9391.35
3   47    male  36.1         1    yes  southeast  42211.14
4   46  female  28.9         2     no  southwest   8823.28.
[2023-07-14 19:10:07,509] 62 root - INFO - Test DataFrame Head: 
    age     sex   bmi  children smoker     region  expenses
0   45  female  25.2         2     no  northeast   9095.07
1   36  female  30.0         0     no  northwest   5272.18
2   64  female  26.9         0    yes  northwest  29330.98
3   46    male  25.7         3     no  northwest   9301.89
4   19    male  31.9         0    yes  northwest  33750.29.
[2023-07-14 19:10:07,509] 65 root - INFO - Concatenating Train and test csvs.
[2023-07-14 19:10:07,509] 29 root - INFO - Getting data transsformation obj Initiated..
[2023-07-14 19:10:07,510] 50 root - INFO - Error occured in running get_data_transformation_obj.
[2023-07-14 19:10:07,510] 142 root - INFO - Error Occured in Initiating Data Transformation.
